<?xml version="1.0" encoding="UTF-8"?>
<!-- Generated by org.testng.reporters.JUnitReportReporter -->
<testsuite hostname="RPIPL2-DT-DV016" name="com.abof.selenium_pagefactory.pom.tests.LoginTest" tests="1" failures="0" timestamp="6 May 2016 09:37:47 GMT" time="45.376" errors="0">
  <testcase name="On_LoginPage_8X8Logo_Should_Present" time="45.376" classname="com.abof.selenium_pagefactory.pom.tests.LoginTest"/>
</testsuite> <!-- com.abof.selenium_pagefactory.pom.tests.LoginTest -->
